# JRE version: OpenJDK Runtime Environment (21.0.1+12) (build 21.0.1+12-29)
# Java VM: OpenJDK 64-Bit Server VM (21.0.1+12-29, mixed mode, sharing, tiered, compressed oops, compressed class ptrs, g1 gc, windows-amd64)
GC Precious Log:
 CardTable entry size: 512
 Card Set container configuration: InlinePtr #cards 5 size 8 Array Of Cards #cards 12 size 40 Howl #buckets 4 coarsen threshold 1843 Howl Bitmap #cards 512 size 80 coarsen threshold 460 Card regions per heap region 1 cards per card region 2048
 CPUs: 16 total, 16 available
 Memory: 15741M
 Large Page Support: Disabled
 NUMA Support: Disabled
 Compressed Oops: Enabled (32-bit)
 Heap Region Size: 1M
 Heap Min Capacity: 256M
 Heap Initial Capacity: 256M
 Heap Max Capacity: 512M
 Pre-touch: Disabled
 Parallel Workers: 13
 Concurrent Workers: 3
 Concurrent Refinement Workers: 13
 Periodic GC: Disabled
Heap:
 garbage-first heap   total 262144K, used 60385K [0x00000000e0000000, 0x0000000100000000)
  region size 1024K, 20 young (20480K), 12 survivors (12288K)
 Metaspace       used 56588K, committed 58560K, reserved 393216K
  class space    used 8032K, committed 9024K, reserved 327680K
GC Heap History (16 events):
Event: 0.767 GC heap before
{Heap before GC invocations=0 (full 0):
 garbage-first heap   total 262144K, used 26624K [0x00000000e0000000, 0x0000000100000000)
  region size 1024K, 23 young (23552K), 0 survivors (0K)
 Metaspace       used 3217K, committed 3328K, reserved 393216K
  class space    used 406K, committed 448K, reserved 327680K
}
Event: 0.772 GC heap after
{Heap after GC invocations=1 (full 0):
 garbage-first heap   total 262144K, used 10274K [0x00000000e0000000, 0x0000000100000000)
  region size 1024K, 3 young (3072K), 3 survivors (3072K)
 Metaspace       used 3217K, committed 3328K, reserved 393216K
  class space    used 406K, committed 448K, reserved 327680K
}
Event: 1.363 GC heap before
{Heap before GC invocations=1 (full 0):
 garbage-first heap   total 262144K, used 39970K [0x00000000e0000000, 0x0000000100000000)
  region size 1024K, 32 young (32768K), 3 survivors (3072K)
 Metaspace       used 4231K, committed 4416K, reserved 393216K
  class space    used 508K, committed 640K, reserved 327680K
}
Event: 1.367 GC heap after
{Heap after GC invocations=2 (full 0):
 garbage-first heap   total 262144K, used 11271K [0x00000000e0000000, 0x0000000100000000)
  region size 1024K, 1 young (1024K), 1 survivors (1024K)
 Metaspace       used 4231K, committed 4416K, reserved 393216K
  class space    used 508K, committed 640K, reserved 327680K
}
Event: 4.063 GC heap before
{Heap before GC invocations=2 (full 0):
 garbage-first heap   total 262144K, used 116743K [0x00000000e0000000, 0x0000000100000000)
  region size 1024K, 104 young (106496K), 1 survivors (1024K)
 Metaspace       used 20776K, committed 21504K, reserved 393216K
  class space    used 3032K, committed 3392K, reserved 327680K
}
Event: 4.076 GC heap after
{Heap after GC invocations=3 (full 0):
 garbage-first heap   total 262144K, used 22798K [0x00000000e0000000, 0x0000000100000000)
  region size 1024K, 12 young (12288K), 12 survivors (12288K)
 Metaspace       used 20776K, committed 21504K, reserved 393216K
  class space    used 3032K, committed 3392K, reserved 327680K
}
Event: 5.985 GC heap before
{Heap before GC invocations=4 (full 0):
 garbage-first heap   total 262144K, used 127246K [0x00000000e0000000, 0x0000000100000000)
  region size 1024K, 116 young (118784K), 12 survivors (12288K)
 Metaspace       used 34752K, committed 35968K, reserved 393216K
  class space    used 4965K, committed 5568K, reserved 327680K
}
Event: 5.999 GC heap after
{Heap after GC invocations=5 (full 0):
 garbage-first heap   total 262144K, used 31649K [0x00000000e0000000, 0x0000000100000000)
  region size 1024K, 9 young (9216K), 9 survivors (9216K)
 Metaspace       used 34752K, committed 35968K, reserved 393216K
  class space    used 4965K, committed 5568K, reserved 327680K
}
Event: 6.050 GC heap before
{Heap before GC invocations=5 (full 0):
 garbage-first heap   total 262144K, used 39841K [0x00000000e0000000, 0x0000000100000000)
  region size 1024K, 14 young (14336K), 9 survivors (9216K)
 Metaspace       used 35037K, committed 36288K, reserved 393216K
  class space    used 4976K, committed 5632K, reserved 327680K
}
Event: 6.060 GC heap after
{Heap after GC invocations=6 (full 0):
 garbage-first heap   total 262144K, used 33339K [0x00000000e0000000, 0x0000000100000000)
  region size 1024K, 8 young (8192K), 8 survivors (8192K)
 Metaspace       used 35037K, committed 36288K, reserved 393216K
  class space    used 4976K, committed 5632K, reserved 327680K
}
Event: 6.063 GC heap before
{Heap before GC invocations=6 (full 0):
 garbage-first heap   total 262144K, used 33339K [0x00000000e0000000, 0x0000000100000000)
  region size 1024K, 8 young (8192K), 8 survivors (8192K)
 Metaspace       used 35358K, committed 36608K, reserved 393216K
  class space    used 4976K, committed 5632K, reserved 327680K
}
Event: 6.068 GC heap after
{Heap after GC invocations=7 (full 0):
 garbage-first heap   total 262144K, used 33286K [0x00000000e0000000, 0x0000000100000000)
  region size 1024K, 8 young (8192K), 8 survivors (8192K)
 Metaspace       used 35358K, committed 36608K, reserved 393216K
  class space    used 4976K, committed 5632K, reserved 327680K
}
Event: 8.442 GC heap before
{Heap before GC invocations=8 (full 0):
 garbage-first heap   total 262144K, used 182790K [0x00000000e0000000, 0x0000000100000000)
  region size 1024K, 153 young (156672K), 8 survivors (8192K)
 Metaspace       used 50028K, committed 51840K, reserved 393216K
  class space    used 7228K, committed 8128K, reserved 327680K
}
Event: 8.453 GC heap after
{Heap after GC invocations=9 (full 0):
 garbage-first heap   total 262144K, used 42515K [0x00000000e0000000, 0x0000000100000000)
  region size 1024K, 19 young (19456K), 19 survivors (19456K)
 Metaspace       used 50028K, committed 51840K, reserved 393216K
  class space    used 7228K, committed 8128K, reserved 327680K
}
Event: 10.484 GC heap before
{Heap before GC invocations=9 (full 0):
 garbage-first heap   total 262144K, used 178707K [0x00000000e0000000, 0x0000000100000000)
  region size 1024K, 153 young (156672K), 19 survivors (19456K)
 Metaspace       used 56512K, committed 58432K, reserved 393216K
  class space    used 8029K, committed 8960K, reserved 327680K
}
Event: 10.498 GC heap after
{Heap after GC invocations=10 (full 0):
 garbage-first heap   total 262144K, used 53217K [0x00000000e0000000, 0x0000000100000000)
  region size 1024K, 12 young (12288K), 12 survivors (12288K)
 Metaspace       used 56512K, committed 58432K, reserved 393216K
  class space    used 8029K, committed 8960K, reserved 327680K
}

